<?xml version="1.0" encoding="UTF-8"?>
<!-- Generated by org.testng.reporters.JUnitReportReporter -->
<testsuite hostname="DESKTOP-MQN1PC7" failures="0" tests="5" name="testngGrouping.TestNGRegularExpression" time="0.053" errors="0" timestamp="2022-11-29T16:13:46 IST" skipped="0">
  <testcase classname="testngGrouping.TestNGRegularExpression" name="w11" time="0.004"/>
  <system-out/>
  <testcase classname="testngGrouping.TestNGRegularExpression" name="w14" time="0.018"/>
  <system-out/>
  <testcase classname="testngGrouping.TestNGRegularExpression" name="w13" time="0.007"/>
  <system-out/>
  <testcase classname="testngGrouping.TestNGRegularExpression" name="w12" time="0.018"/>
  <system-out/>
  <testcase classname="testngGrouping.TestNGRegularExpression" name="w15" time="0.006"/>
  <system-out/>
</testsuite> <!-- testngGrouping.TestNGRegularExpression -->
