<?xml version="1.0" encoding="UTF-8"?>
<!-- Generated by org.testng.reporters.JUnitReportReporter -->
<testsuite hostname="DESKTOP-MQN1PC7" failures="1" tests="9" name="annotations.TestSuite1" time="0.082" errors="0" timestamp="2022-11-27T14:44:57 IST" skipped="0">
  <testcase classname="annotations.TestSuite1" name="t5" time="0.015">
    <failure message="null" type="java.lang.AssertionError">
      <![CDATA[java.lang.AssertionError: null
at org.testng.Assert.fail(Assert.java:99)
at org.testng.Assert.fail(Assert.java:106)
at annotations.TestSuite1.t5(TestSuite1.java:29)
at java.base/jdk.internal.reflect.DirectMethodHandleAccessor.invoke(DirectMethodHandleAccessor.java:104)
at java.base/java.lang.reflect.Method.invoke(Method.java:577)
at org.testng.internal.MethodInvocationHelper.invokeMethod(MethodInvocationHelper.java:133)
at org.testng.internal.TestInvoker.invokeMethod(TestInvoker.java:598)
at org.testng.internal.TestInvoker.invokeTestMethod(TestInvoker.java:173)
at org.testng.internal.MethodRunner.runInSequence(MethodRunner.java:46)
at org.testng.internal.TestInvoker$MethodInvocationAgent.invoke(TestInvoker.java:824)
at org.testng.internal.TestInvoker.invokeTestMethods(TestInvoker.java:146)
at org.testng.internal.TestMethodWorker.invokeTestMethods(TestMethodWorker.java:146)
at org.testng.internal.TestMethodWorker.run(TestMethodWorker.java:128)
at java.base/java.util.concurrent.ThreadPoolExecutor.runWorker(ThreadPoolExecutor.java:1136)
at java.base/java.util.concurrent.ThreadPoolExecutor$Worker.run(ThreadPoolExecutor.java:635)
at java.base/java.lang.Thread.run(Thread.java:833)
]]>
    </failure>
  </testcase> <!-- t5 -->
  <system-out/>
  <testcase classname="annotations.TestSuite1" name="t1" time="0.029"/>
  <system-out/>
  <testcase classname="annotations.TestSuite1" name="t3" time="0.007"/>
  <system-out/>
  <testcase classname="annotations.TestSuite1" name="t2" time="0.005"/>
  <system-out/>
  <testcase classname="annotations.TestSuite1" name="t6" time="0.006"/>
  <system-out/>
  <testcase classname="annotations.TestSuite1" name="t8" time="0.004"/>
  <system-out/>
  <testcase classname="annotations.TestSuite1" name="t7" time="0.005"/>
  <system-out/>
  <testcase classname="annotations.TestSuite1" name="t9" time="0.005"/>
  <system-out/>
  <testcase classname="annotations.TestSuite1" name="t4" time="0.006"/>
  <system-out/>
</testsuite> <!-- annotations.TestSuite1 -->
