<?xml version="1.0" encoding="UTF-8"?>
<!-- Generated by org.testng.reporters.JUnitReportReporter -->
<testsuite hostname="DESKTOP-MQN1PC7" failures="0" tests="7" name="testngGrouping.Group2" time="0.296" errors="0" timestamp="2022-11-29T16:13:46 IST" skipped="0">
  <testcase classname="testngGrouping.Group2" name="test17" time="0.016"/>
  <system-out/>
  <testcase classname="testngGrouping.Group2" name="test12" time="0.031"/>
  <system-out/>
  <testcase classname="testngGrouping.Group2" name="test16" time="0.089"/>
  <system-out/>
  <testcase classname="testngGrouping.Group2" name="test13" time="0.007"/>
  <system-out/>
  <testcase classname="testngGrouping.Group2" name="test11" time="0.042"/>
  <system-out/>
  <testcase classname="testngGrouping.Group2" name="test14" time="0.005"/>
  <system-out/>
  <testcase classname="testngGrouping.Group2" name="test15" time="0.106"/>
  <system-out/>
</testsuite> <!-- testngGrouping.Group2 -->
