<?xml version="1.0" encoding="UTF-8"?>
<!-- Generated by org.testng.reporters.JUnitReportReporter -->
<testsuite hostname="DESKTOP-MCKDB74" failures="0" tests="2" name="com.sd.login.ParallelTest1" time="20.438" errors="0" timestamp="2023-05-14T15:05:34 IST" skipped="0">
  <testcase classname="com.sd.login.ParallelTest1" name="verifyTitle" time="6.581"/>
  <system-out/>
  <testcase classname="com.sd.login.ParallelTest1" name="verifyLogo" time="13.857"/>
  <system-out/>
</testsuite> <!-- com.sd.login.ParallelTest1 -->
