<?xml version="1.0" encoding="UTF-8"?>
<!-- Generated by org.testng.reporters.JUnitReportReporter -->
<testsuite hostname="DESKTOP-MQN1PC7" failures="0" tests="6" name="annotations.Keywords2" time="0.104" errors="0" timestamp="2022-11-26T21:11:26 IST" skipped="0">
  <testcase classname="annotations.Keywords2" name="a3" time="0.005"/>
  <system-out/>
  <testcase classname="annotations.Keywords2" name="a1" time="0.039"/>
  <system-out/>
  <testcase classname="annotations.Keywords2" name="a5" time="0.005"/>
  <system-out/>
  <testcase classname="annotations.Keywords2" name="a2" time="0.025"/>
  <system-out/>
  <testcase classname="annotations.Keywords2" name="a2" time="0.004"/>
  <system-out/>
  <testcase classname="annotations.Keywords2" name="a4" time="0.026"/>
  <system-out/>
</testsuite> <!-- annotations.Keywords2 -->
