<?xml version="1.0" encoding="UTF-8"?>
<!-- Generated by org.testng.reporters.JUnitReportReporter -->
<testsuite hostname="DESKTOP-MQN1PC7" failures="0" tests="2" name="annotations.Annotations2" time="0.033" errors="0" timestamp="2022-11-24T08:54:27 IST" skipped="0">
  <testcase classname="annotations.Annotations2" name="gulabo1" time="0.026"/>
  <system-out/>
  <testcase classname="annotations.Annotations2" name="gulabo2" time="0.007"/>
  <system-out/>
</testsuite> <!-- annotations.Annotations2 -->
