<?xml version="1.0" encoding="UTF-8"?>
<!-- Generated by org.testng.reporters.JUnitReportReporter -->
<testsuite hostname="DESKTOP-MQN1PC7" failures="0" tests="7" name="testngGrouping.Group1" time="0.087" errors="0" timestamp="2022-11-29T16:42:46 IST" skipped="0">
  <testcase classname="testngGrouping.Group1" name="test3" time="0.008"/>
  <system-out/>
  <testcase classname="testngGrouping.Group1" name="test4" time="0.010"/>
  <system-out/>
  <testcase classname="testngGrouping.Group1" name="test5" time="0.011"/>
  <system-out/>
  <testcase classname="testngGrouping.Group1" name="test1" time="0.035"/>
  <system-out/>
  <testcase classname="testngGrouping.Group1" name="test7" time="0.006"/>
  <system-out/>
  <testcase classname="testngGrouping.Group1" name="test2" time="0.006"/>
  <system-out/>
  <testcase classname="testngGrouping.Group1" name="test6" time="0.011"/>
  <system-out/>
</testsuite> <!-- testngGrouping.Group1 -->
