<?xml version="1.0" encoding="UTF-8"?>
<!-- Generated by org.testng.reporters.JUnitReportReporter -->
<testsuite hostname="DESKTOP-MQN1PC7" failures="0" tests="2" name="annotations.Annotations3" time="0.047" errors="0" timestamp="2022-11-24T08:59:25 IST" skipped="0">
  <testcase classname="annotations.Annotations3" name="gulabo1" time="0.040"/>
  <system-out/>
  <testcase classname="annotations.Annotations3" name="gulabo2" time="0.007"/>
  <system-out/>
</testsuite> <!-- annotations.Annotations3 -->
