<?xml version="1.0" encoding="UTF-8"?>
<!-- Generated by org.testng.reporters.JUnitReportReporter -->
<testsuite hostname="DESKTOP-MQN1PC7" failures="0" tests="2" name="annotations.Annotations1" time="0.040" errors="0" timestamp="2022-11-22T20:01:56 IST" skipped="0">
  <testcase classname="annotations.Annotations1" name="test2" time="0.009"/>
  <system-out/>
  <testcase classname="annotations.Annotations1" name="test1" time="0.031"/>
  <system-out/>
</testsuite> <!-- annotations.Annotations1 -->
