<?xml version="1.0" encoding="UTF-8"?>
<!-- Generated by org.testng.reporters.JUnitReportReporter -->
<testsuite hostname="DESKTOP-MQN1PC7" failures="0" tests="1" name="annotations.PFActitimeTestNG" time="19.015" errors="0" timestamp="2022-12-15T23:58:25 IST" skipped="0">
  <testcase classname="annotations.PFActitimeTestNG" name="scenario1VerifyLogo" time="19.015"/>
  <system-out/>
</testsuite> <!-- annotations.PFActitimeTestNG -->
