<?xml version="1.0" encoding="UTF-8"?>
<!-- Generated by org.testng.reporters.JUnitReportReporter -->
<testsuite hostname="DESKTOP-MQN1PC7" failures="0" tests="5" name="annotations.Keywords1" time="0.093" errors="0" timestamp="2022-11-24T16:24:35 IST" skipped="0">
  <testcase classname="annotations.Keywords1" name="abc" time="0.041"/>
  <system-out/>
  <testcase classname="annotations.Keywords1" name="xyz" time="0.011"/>
  <system-out/>
  <testcase classname="annotations.Keywords1" name="def" time="0.013"/>
  <system-out/>
  <testcase classname="annotations.Keywords1" name="pqr" time="0.024"/>
  <system-out/>
  <testcase classname="annotations.Keywords1" name="mno" time="0.004"/>
  <system-out/>
</testsuite> <!-- annotations.Keywords1 -->
